Using pre-set license

 COMMAND LINE ARGUMENTS:
/Users/kuanyiwu/Documents/GitHub/2020.3.13f1/Unity.app/Contents/MacOS/Unity
-adb2
-batchMode
-noUpm
-name
AssetImportWorker0
-projectPath
/Users/kuanyiwu/Documents/GitHub/XReality/Workshops/Game Projects/Animation/Animation
-logFile
Logs/AssetImportWorker0.log
-srvPort
53600
Successfully changed project path to: /Users/kuanyiwu/Documents/GitHub/XReality/Workshops/Game Projects/Animation/Animation
/Users/kuanyiwu/Documents/GitHub/XReality/Workshops/Game Projects/Animation/Animation
Using Asset Import Pipeline V2.
Refreshing native plugins compatible for Editor in 37.92 ms, found 2 plugins.
Preloading 0 native plugins for Editor in 0.00 ms.
Initialize engine version: 2020.3.13f1 (71691879b7f5)
[Subsystems] Discovering subsystems at path /Users/kuanyiwu/Documents/GitHub/2020.3.13f1/Unity.app/Contents/Resources/UnitySubsystems
[Subsystems] Discovering subsystems at path /Users/kuanyiwu/Documents/GitHub/XReality/Workshops/Game Projects/Animation/Animation/Assets
GfxDevice: creating device client; threaded=0
2021-11-02 14:23:50.071 Unity[6335:189755] Color LCD preferred device: AMD Radeon Pro Vega 20 (high power)
2021-11-02 14:23:50.071 Unity[6335:189755] Metal devices available: 2
2021-11-02 14:23:50.071 Unity[6335:189755] 0: AMD Radeon Pro Vega 20 (high power)
2021-11-02 14:23:50.071 Unity[6335:189755] 1: Intel(R) UHD Graphics 630 (low power)
2021-11-02 14:23:50.072 Unity[6335:189755] Using device AMD Radeon Pro Vega 20 (high power)
Initializing Metal device caps: AMD Radeon Pro Vega 20
Initialize mono
Mono path[0] = '/Users/kuanyiwu/Documents/GitHub/2020.3.13f1/Unity.app/Contents/Managed'
Mono path[1] = '/Users/kuanyiwu/Documents/GitHub/2020.3.13f1/Unity.app/Contents/MonoBleedingEdge/lib/mono/unityjit'
Mono config path = '/Users/kuanyiwu/Documents/GitHub/2020.3.13f1/Unity.app/Contents/MonoBleedingEdge/etc'
Using monoOptions --debugger-agent=transport=dt_socket,embedding=1,server=y,suspend=n,address=127.0.0.1:56335
Begin MonoManager ReloadAssembly
Registering precompiled unity dll's ...
Register platform support module: /Users/kuanyiwu/Documents/GitHub/2020.3.13f1/Unity.app/Contents/PlaybackEngines/MacStandaloneSupport/UnityEditor.OSXStandalone.Extensions.dll
Registered in 0.002517 seconds.
Native extension for OSXStandalone target not found
Refreshing native plugins compatible for Editor in 28.30 ms, found 2 plugins.
Preloading 0 native plugins for Editor in 0.00 ms.
Mono: successfully reloaded assembly
- Completed reload, in  6.222 seconds
Platform modules already initialized, skipping
Registering precompiled user dll's ...
Registered in 0.012813 seconds.
Begin MonoManager ReloadAssembly
Native extension for OSXStandalone target not found
Refreshing native plugins compatible for Editor in 0.30 ms, found 2 plugins.
Preloading 0 native plugins for Editor in 0.00 ms.
Mono: successfully reloaded assembly
- Completed reload, in  1.335 seconds
Platform modules already initialized, skipping
========================================================================
Worker process is ready to serve import requests
Launching external process: /Users/kuanyiwu/Documents/GitHub/2020.3.13f1/Unity.app/Contents/Tools/UnityShaderCompiler
Launched and connected shader compiler UnityShaderCompiler after 0.02 seconds
Refreshing native plugins compatible for Editor in 0.28 ms, found 2 plugins.
Preloading 0 native plugins for Editor in 0.00 ms.
Unloading 1411 Unused Serialized files (Serialized files now loaded: 0)
System memory in use before: 141.9 MB.
System memory in use after: 141.9 MB.

Unloading 23 unused Assets to reduce memory usage. Loaded Objects now: 1840.
Total: 1.772522 ms (FindLiveObjects: 0.147242 ms CreateObjectMapping: 0.041959 ms MarkObjects: 1.512379 ms  DeleteObjects: 0.070144 ms)

AssetImportParameters requested are different than current active one (requested -> active):
  custom:video-decoder-ogg-theora: a1e56fd34408186e4bbccfd4996cb3dc -> 
  custom:container-muxer-webm: aa71ff27fc2769a1b78a27578f13a17b -> 
  custom:container-demuxer-webm: 4f35f7cbe854078d1ac9338744f61a02 -> 
  custom:container-demuxer-ogg: 62fdf1f143b41e24485cea50d1cbac27 -> 
  custom:video-encoder-webm-vp8: eb34c28f22e8b96e1ab97ce403110664 -> 
  custom:framework-osx-AVFoundation: e770b220cccbd017edd2c1fefb359320 -> 
  custom:video-decoder-webm-vp8: 9c59270c3fd7afecdb556c50c9e8de78 -> 
  custom:audio-decoder-ogg-vorbis: bf7c407c2cedff20999df2af8eb42d56 -> 
  custom:audio-encoder-webm-vorbis: bf7c407c2cedff20999df2af8eb42d56 -> 
========================================================================
Received Import Request.
  path: Assets/Animations/Demo/Human_D.controller
  artifactKey: Guid(be66c2b6adc9c47d18bcd6751724e111) Importer(815301076,1909f56bfc062723c751e8b465ee728b)
Start importing Assets/Animations/Demo/Human_D.controller using Guid(be66c2b6adc9c47d18bcd6751724e111) Importer(815301076,1909f56bfc062723c751e8b465ee728b)  -> (artifact id: '77e4aed9388a8b3cca598deddcfaeba7') in 1.501178 seconds 
  Import took 1.505242 seconds .

========================================================================
Received Import Request.
  Time since last request: 742.125431 seconds.
  path: Assets/Animations/Demo/Human_D.controller
  artifactKey: Guid(be66c2b6adc9c47d18bcd6751724e111) Importer(815301076,1909f56bfc062723c751e8b465ee728b)
Start importing Assets/Animations/Demo/Human_D.controller using Guid(be66c2b6adc9c47d18bcd6751724e111) Importer(815301076,1909f56bfc062723c751e8b465ee728b)  -> (artifact id: '6e73dc7d8bf463af625f4793ad602104') in 0.036705 seconds 
  Import took 0.040619 seconds .

========================================================================
Received Prepare
Registering precompiled user dll's ...
Registered in 0.008585 seconds.
Begin MonoManager ReloadAssembly
Native extension for OSXStandalone target not found
Refreshing native plugins compatible for Editor in 0.59 ms, found 2 plugins.
Preloading 0 native plugins for Editor in 0.00 ms.
Mono: successfully reloaded assembly
- Completed reload, in  1.165 seconds
Platform modules already initialized, skipping
Refreshing native plugins compatible for Editor in 0.72 ms, found 2 plugins.
Preloading 0 native plugins for Editor in 0.00 ms.
Unloading 1403 Unused Serialized files (Serialized files now loaded: 0)
System memory in use before: 146.0 MB.
System memory in use after: 146.1 MB.

Unloading 18 unused Assets to reduce memory usage. Loaded Objects now: 1843.
Total: 1.540717 ms (FindLiveObjects: 0.122996 ms CreateObjectMapping: 0.035210 ms MarkObjects: 1.338625 ms  DeleteObjects: 0.043112 ms)

AssetImportParameters requested are different than current active one (requested -> active):
  custom:video-decoder-ogg-theora: a1e56fd34408186e4bbccfd4996cb3dc -> 
  custom:container-muxer-webm: aa71ff27fc2769a1b78a27578f13a17b -> 
  custom:container-demuxer-webm: 4f35f7cbe854078d1ac9338744f61a02 -> 
  custom:container-demuxer-ogg: 62fdf1f143b41e24485cea50d1cbac27 -> 
  custom:video-encoder-webm-vp8: eb34c28f22e8b96e1ab97ce403110664 -> 
  custom:framework-osx-AVFoundation: e770b220cccbd017edd2c1fefb359320 -> 
  custom:video-decoder-webm-vp8: 9c59270c3fd7afecdb556c50c9e8de78 -> 
  custom:audio-decoder-ogg-vorbis: bf7c407c2cedff20999df2af8eb42d56 -> 
  custom:audio-encoder-webm-vorbis: bf7c407c2cedff20999df2af8eb42d56 -> 
========================================================================
Received Import Request.
  Time since last request: 1086.834307 seconds.
  path: Assets/Scripts/AnimationStateController.cs
  artifactKey: Guid(e6de6e7d6757f4ace8b07cfd266ecf9c) Importer(815301076,1909f56bfc062723c751e8b465ee728b)
Start importing Assets/Scripts/AnimationStateController.cs using Guid(e6de6e7d6757f4ace8b07cfd266ecf9c) Importer(815301076,1909f56bfc062723c751e8b465ee728b)  -> (artifact id: '8dc20d7d80ddc7ef495e5f02f471632e') in 0.451546 seconds 
  Import took 0.455097 seconds .

========================================================================
Received Prepare
Registering precompiled user dll's ...
Registered in 0.008403 seconds.
Begin MonoManager ReloadAssembly
Native extension for OSXStandalone target not found
Refreshing native plugins compatible for Editor in 0.30 ms, found 2 plugins.
Preloading 0 native plugins for Editor in 0.00 ms.
Mono: successfully reloaded assembly
- Completed reload, in  1.025 seconds
Platform modules already initialized, skipping
Refreshing native plugins compatible for Editor in 0.31 ms, found 2 plugins.
Preloading 0 native plugins for Editor in 0.00 ms.
Unloading 1404 Unused Serialized files (Serialized files now loaded: 0)
System memory in use before: 150.5 MB.
System memory in use after: 150.6 MB.

Unloading 18 unused Assets to reduce memory usage. Loaded Objects now: 1847.
Total: 2.025585 ms (FindLiveObjects: 0.159296 ms CreateObjectMapping: 0.047421 ms MarkObjects: 1.760744 ms  DeleteObjects: 0.057189 ms)

AssetImportParameters requested are different than current active one (requested -> active):
  custom:video-decoder-ogg-theora: a1e56fd34408186e4bbccfd4996cb3dc -> 
  custom:container-muxer-webm: aa71ff27fc2769a1b78a27578f13a17b -> 
  custom:container-demuxer-webm: 4f35f7cbe854078d1ac9338744f61a02 -> 
  custom:container-demuxer-ogg: 62fdf1f143b41e24485cea50d1cbac27 -> 
  custom:video-encoder-webm-vp8: eb34c28f22e8b96e1ab97ce403110664 -> 
  custom:framework-osx-AVFoundation: e770b220cccbd017edd2c1fefb359320 -> 
  custom:video-decoder-webm-vp8: 9c59270c3fd7afecdb556c50c9e8de78 -> 
  custom:audio-decoder-ogg-vorbis: bf7c407c2cedff20999df2af8eb42d56 -> 
  custom:audio-encoder-webm-vorbis: bf7c407c2cedff20999df2af8eb42d56 -> 
========================================================================
Received Import Request.
  Time since last request: 73.831215 seconds.
  path: Assets/Scripts/AnimationStateController.cs
  artifactKey: Guid(e6de6e7d6757f4ace8b07cfd266ecf9c) Importer(815301076,1909f56bfc062723c751e8b465ee728b)
Start importing Assets/Scripts/AnimationStateController.cs using Guid(e6de6e7d6757f4ace8b07cfd266ecf9c) Importer(815301076,1909f56bfc062723c751e8b465ee728b)  -> (artifact id: '1048d47f7e0fd57ac3ac1336f316fe6c') in 0.009202 seconds 
  Import took 0.013675 seconds .

========================================================================
Received Prepare
Registering precompiled user dll's ...
Registered in 0.007480 seconds.
Begin MonoManager ReloadAssembly
Native extension for OSXStandalone target not found
Refreshing native plugins compatible for Editor in 0.38 ms, found 2 plugins.
Preloading 0 native plugins for Editor in 0.00 ms.
Mono: successfully reloaded assembly
- Completed reload, in  1.214 seconds
Platform modules already initialized, skipping
Refreshing native plugins compatible for Editor in 0.28 ms, found 2 plugins.
Preloading 0 native plugins for Editor in 0.00 ms.
Unloading 1404 Unused Serialized files (Serialized files now loaded: 0)
System memory in use before: 150.7 MB.
System memory in use after: 150.8 MB.

Unloading 18 unused Assets to reduce memory usage. Loaded Objects now: 1850.
Total: 1.588019 ms (FindLiveObjects: 0.130969 ms CreateObjectMapping: 0.036952 ms MarkObjects: 1.373738 ms  DeleteObjects: 0.045479 ms)

AssetImportParameters requested are different than current active one (requested -> active):
  custom:video-decoder-ogg-theora: a1e56fd34408186e4bbccfd4996cb3dc -> 
  custom:container-muxer-webm: aa71ff27fc2769a1b78a27578f13a17b -> 
  custom:container-demuxer-webm: 4f35f7cbe854078d1ac9338744f61a02 -> 
  custom:container-demuxer-ogg: 62fdf1f143b41e24485cea50d1cbac27 -> 
  custom:video-encoder-webm-vp8: eb34c28f22e8b96e1ab97ce403110664 -> 
  custom:framework-osx-AVFoundation: e770b220cccbd017edd2c1fefb359320 -> 
  custom:video-decoder-webm-vp8: 9c59270c3fd7afecdb556c50c9e8de78 -> 
  custom:audio-decoder-ogg-vorbis: bf7c407c2cedff20999df2af8eb42d56 -> 
  custom:audio-encoder-webm-vorbis: bf7c407c2cedff20999df2af8eb42d56 -> 
========================================================================
Received Prepare
Registering precompiled user dll's ...
Registered in 0.007254 seconds.
Begin MonoManager ReloadAssembly
Native extension for OSXStandalone target not found
Refreshing native plugins compatible for Editor in 0.28 ms, found 2 plugins.
Preloading 0 native plugins for Editor in 0.00 ms.
Mono: successfully reloaded assembly
- Completed reload, in  1.092 seconds
Platform modules already initialized, skipping
Refreshing native plugins compatible for Editor in 0.32 ms, found 2 plugins.
Preloading 0 native plugins for Editor in 0.00 ms.
Unloading 1404 Unused Serialized files (Serialized files now loaded: 0)
System memory in use before: 151.0 MB.
System memory in use after: 151.0 MB.

Unloading 18 unused Assets to reduce memory usage. Loaded Objects now: 1853.
Total: 1.772305 ms (FindLiveObjects: 0.136899 ms CreateObjectMapping: 0.040630 ms MarkObjects: 1.548194 ms  DeleteObjects: 0.045748 ms)

AssetImportParameters requested are different than current active one (requested -> active):
  custom:video-decoder-ogg-theora: a1e56fd34408186e4bbccfd4996cb3dc -> 
  custom:container-muxer-webm: aa71ff27fc2769a1b78a27578f13a17b -> 
  custom:container-demuxer-webm: 4f35f7cbe854078d1ac9338744f61a02 -> 
  custom:container-demuxer-ogg: 62fdf1f143b41e24485cea50d1cbac27 -> 
  custom:video-encoder-webm-vp8: eb34c28f22e8b96e1ab97ce403110664 -> 
  custom:framework-osx-AVFoundation: e770b220cccbd017edd2c1fefb359320 -> 
  custom:video-decoder-webm-vp8: 9c59270c3fd7afecdb556c50c9e8de78 -> 
  custom:audio-decoder-ogg-vorbis: bf7c407c2cedff20999df2af8eb42d56 -> 
  custom:audio-encoder-webm-vorbis: bf7c407c2cedff20999df2af8eb42d56 -> 
========================================================================
Received Prepare
Registering precompiled user dll's ...
Registered in 0.006516 seconds.
Begin MonoManager ReloadAssembly
Native extension for OSXStandalone target not found
Refreshing native plugins compatible for Editor in 0.29 ms, found 2 plugins.
Preloading 0 native plugins for Editor in 0.00 ms.
Mono: successfully reloaded assembly
- Completed reload, in  1.502 seconds
Platform modules already initialized, skipping
Refreshing native plugins compatible for Editor in 0.32 ms, found 2 plugins.
Preloading 0 native plugins for Editor in 0.00 ms.
Unloading 1404 Unused Serialized files (Serialized files now loaded: 0)
System memory in use before: 151.2 MB.
System memory in use after: 151.2 MB.

Unloading 18 unused Assets to reduce memory usage. Loaded Objects now: 1856.
Total: 2.437726 ms (FindLiveObjects: 0.235670 ms CreateObjectMapping: 0.068970 ms MarkObjects: 2.077094 ms  DeleteObjects: 0.055106 ms)

AssetImportParameters requested are different than current active one (requested -> active):
  custom:video-decoder-ogg-theora: a1e56fd34408186e4bbccfd4996cb3dc -> 
  custom:container-muxer-webm: aa71ff27fc2769a1b78a27578f13a17b -> 
  custom:container-demuxer-webm: 4f35f7cbe854078d1ac9338744f61a02 -> 
  custom:container-demuxer-ogg: 62fdf1f143b41e24485cea50d1cbac27 -> 
  custom:video-encoder-webm-vp8: eb34c28f22e8b96e1ab97ce403110664 -> 
  custom:framework-osx-AVFoundation: e770b220cccbd017edd2c1fefb359320 -> 
  custom:video-decoder-webm-vp8: 9c59270c3fd7afecdb556c50c9e8de78 -> 
  custom:audio-decoder-ogg-vorbis: bf7c407c2cedff20999df2af8eb42d56 -> 
  custom:audio-encoder-webm-vorbis: bf7c407c2cedff20999df2af8eb42d56 -> 
========================================================================
Received Prepare
Registering precompiled user dll's ...
Registered in 0.005970 seconds.
Begin MonoManager ReloadAssembly
Native extension for OSXStandalone target not found
Refreshing native plugins compatible for Editor in 0.30 ms, found 2 plugins.
Preloading 0 native plugins for Editor in 0.00 ms.
Mono: successfully reloaded assembly
- Completed reload, in  1.017 seconds
Platform modules already initialized, skipping
Refreshing native plugins compatible for Editor in 0.29 ms, found 2 plugins.
Preloading 0 native plugins for Editor in 0.00 ms.
Unloading 1404 Unused Serialized files (Serialized files now loaded: 0)
System memory in use before: 151.4 MB.
System memory in use after: 151.4 MB.

Unloading 18 unused Assets to reduce memory usage. Loaded Objects now: 1859.
Total: 1.815584 ms (FindLiveObjects: 0.132042 ms CreateObjectMapping: 0.040190 ms MarkObjects: 1.598055 ms  DeleteObjects: 0.044593 ms)

AssetImportParameters requested are different than current active one (requested -> active):
  custom:video-decoder-ogg-theora: a1e56fd34408186e4bbccfd4996cb3dc -> 
  custom:container-muxer-webm: aa71ff27fc2769a1b78a27578f13a17b -> 
  custom:container-demuxer-webm: 4f35f7cbe854078d1ac9338744f61a02 -> 
  custom:container-demuxer-ogg: 62fdf1f143b41e24485cea50d1cbac27 -> 
  custom:video-encoder-webm-vp8: eb34c28f22e8b96e1ab97ce403110664 -> 
  custom:framework-osx-AVFoundation: e770b220cccbd017edd2c1fefb359320 -> 
  custom:video-decoder-webm-vp8: 9c59270c3fd7afecdb556c50c9e8de78 -> 
  custom:audio-decoder-ogg-vorbis: bf7c407c2cedff20999df2af8eb42d56 -> 
  custom:audio-encoder-webm-vorbis: bf7c407c2cedff20999df2af8eb42d56 -> 
========================================================================
Received Prepare
Registering precompiled user dll's ...
Registered in 0.006446 seconds.
Begin MonoManager ReloadAssembly
Native extension for OSXStandalone target not found
Refreshing native plugins compatible for Editor in 0.34 ms, found 2 plugins.
Preloading 0 native plugins for Editor in 0.00 ms.
Mono: successfully reloaded assembly
- Completed reload, in  1.188 seconds
Platform modules already initialized, skipping
Refreshing native plugins compatible for Editor in 0.30 ms, found 2 plugins.
Preloading 0 native plugins for Editor in 0.00 ms.
Unloading 1404 Unused Serialized files (Serialized files now loaded: 0)
System memory in use before: 151.6 MB.
System memory in use after: 151.6 MB.

Unloading 18 unused Assets to reduce memory usage. Loaded Objects now: 1862.
Total: 1.854318 ms (FindLiveObjects: 0.147596 ms CreateObjectMapping: 0.042414 ms MarkObjects: 1.610577 ms  DeleteObjects: 0.052677 ms)

AssetImportParameters requested are different than current active one (requested -> active):
  custom:video-decoder-ogg-theora: a1e56fd34408186e4bbccfd4996cb3dc -> 
  custom:container-muxer-webm: aa71ff27fc2769a1b78a27578f13a17b -> 
  custom:container-demuxer-webm: 4f35f7cbe854078d1ac9338744f61a02 -> 
  custom:container-demuxer-ogg: 62fdf1f143b41e24485cea50d1cbac27 -> 
  custom:video-encoder-webm-vp8: eb34c28f22e8b96e1ab97ce403110664 -> 
  custom:framework-osx-AVFoundation: e770b220cccbd017edd2c1fefb359320 -> 
  custom:video-decoder-webm-vp8: 9c59270c3fd7afecdb556c50c9e8de78 -> 
  custom:audio-decoder-ogg-vorbis: bf7c407c2cedff20999df2af8eb42d56 -> 
  custom:audio-encoder-webm-vorbis: bf7c407c2cedff20999df2af8eb42d56 -> 
========================================================================
Received Prepare
Registering precompiled user dll's ...
Registered in 0.007438 seconds.
Begin MonoManager ReloadAssembly
Native extension for OSXStandalone target not found
Refreshing native plugins compatible for Editor in 0.33 ms, found 2 plugins.
Preloading 0 native plugins for Editor in 0.00 ms.
Mono: successfully reloaded assembly
- Completed reload, in  1.184 seconds
Platform modules already initialized, skipping
Refreshing native plugins compatible for Editor in 0.37 ms, found 2 plugins.
Preloading 0 native plugins for Editor in 0.00 ms.
Unloading 1404 Unused Serialized files (Serialized files now loaded: 0)
System memory in use before: 151.8 MB.
System memory in use after: 151.8 MB.

Unloading 18 unused Assets to reduce memory usage. Loaded Objects now: 1865.
Total: 2.919397 ms (FindLiveObjects: 0.217505 ms CreateObjectMapping: 0.125334 ms MarkObjects: 2.521388 ms  DeleteObjects: 0.054447 ms)

AssetImportParameters requested are different than current active one (requested -> active):
  custom:video-decoder-ogg-theora: a1e56fd34408186e4bbccfd4996cb3dc -> 
  custom:container-muxer-webm: aa71ff27fc2769a1b78a27578f13a17b -> 
  custom:container-demuxer-webm: 4f35f7cbe854078d1ac9338744f61a02 -> 
  custom:container-demuxer-ogg: 62fdf1f143b41e24485cea50d1cbac27 -> 
  custom:video-encoder-webm-vp8: eb34c28f22e8b96e1ab97ce403110664 -> 
  custom:framework-osx-AVFoundation: e770b220cccbd017edd2c1fefb359320 -> 
  custom:video-decoder-webm-vp8: 9c59270c3fd7afecdb556c50c9e8de78 -> 
  custom:audio-decoder-ogg-vorbis: bf7c407c2cedff20999df2af8eb42d56 -> 
  custom:audio-encoder-webm-vorbis: bf7c407c2cedff20999df2af8eb42d56 -> 
========================================================================
Received Prepare
Registering precompiled user dll's ...
Registered in 0.009936 seconds.
Begin MonoManager ReloadAssembly
Native extension for OSXStandalone target not found
Refreshing native plugins compatible for Editor in 0.32 ms, found 2 plugins.
Preloading 0 native plugins for Editor in 0.00 ms.
Mono: successfully reloaded assembly
- Completed reload, in  1.243 seconds
Platform modules already initialized, skipping
Refreshing native plugins compatible for Editor in 0.35 ms, found 2 plugins.
Preloading 0 native plugins for Editor in 0.00 ms.
Unloading 1404 Unused Serialized files (Serialized files now loaded: 0)
System memory in use before: 152.0 MB.
System memory in use after: 152.0 MB.

Unloading 18 unused Assets to reduce memory usage. Loaded Objects now: 1868.
Total: 2.003052 ms (FindLiveObjects: 0.177737 ms CreateObjectMapping: 0.053658 ms MarkObjects: 1.716524 ms  DeleteObjects: 0.053679 ms)

AssetImportParameters requested are different than current active one (requested -> active):
  custom:video-decoder-ogg-theora: a1e56fd34408186e4bbccfd4996cb3dc -> 
  custom:container-muxer-webm: aa71ff27fc2769a1b78a27578f13a17b -> 
  custom:container-demuxer-webm: 4f35f7cbe854078d1ac9338744f61a02 -> 
  custom:container-demuxer-ogg: 62fdf1f143b41e24485cea50d1cbac27 -> 
  custom:video-encoder-webm-vp8: eb34c28f22e8b96e1ab97ce403110664 -> 
  custom:framework-osx-AVFoundation: e770b220cccbd017edd2c1fefb359320 -> 
  custom:video-decoder-webm-vp8: 9c59270c3fd7afecdb556c50c9e8de78 -> 
  custom:audio-decoder-ogg-vorbis: bf7c407c2cedff20999df2af8eb42d56 -> 
  custom:audio-encoder-webm-vorbis: bf7c407c2cedff20999df2af8eb42d56 -> 
========================================================================
Received Import Request.
  Time since last request: 8516.870212 seconds.
  path: Assets/Scenes
  artifactKey: Guid(24a14cefd14134c438f59f85a285a47f) Importer(815301076,1909f56bfc062723c751e8b465ee728b)
Start importing Assets/Scenes using Guid(24a14cefd14134c438f59f85a285a47f) Importer(815301076,1909f56bfc062723c751e8b465ee728b)  -> (artifact id: 'eefa8f3ff8beafb182ade226f7cbc0e6') in 0.004556 seconds 
  Import took 0.009878 seconds .

========================================================================
Received Prepare
Registering precompiled user dll's ...
Registered in 0.016543 seconds.
Begin MonoManager ReloadAssembly
Native extension for OSXStandalone target not found
Refreshing native plugins compatible for Editor in 0.28 ms, found 2 plugins.
Preloading 0 native plugins for Editor in 0.00 ms.
Mono: successfully reloaded assembly
- Completed reload, in  1.109 seconds
Platform modules already initialized, skipping
Refreshing native plugins compatible for Editor in 0.32 ms, found 2 plugins.
Preloading 0 native plugins for Editor in 0.00 ms.
Unloading 1417 Unused Serialized files (Serialized files now loaded: 0)
System memory in use before: 154.3 MB.
System memory in use after: 153.8 MB.

Unloading 31 unused Assets to reduce memory usage. Loaded Objects now: 1871.
Total: 2.156059 ms (FindLiveObjects: 0.144671 ms CreateObjectMapping: 0.043468 ms MarkObjects: 1.629412 ms  DeleteObjects: 0.337490 ms)

AssetImportParameters requested are different than current active one (requested -> active):
  custom:video-decoder-ogg-theora: a1e56fd34408186e4bbccfd4996cb3dc -> 
  custom:container-muxer-webm: aa71ff27fc2769a1b78a27578f13a17b -> 
  custom:container-demuxer-webm: 4f35f7cbe854078d1ac9338744f61a02 -> 
  custom:container-demuxer-ogg: 62fdf1f143b41e24485cea50d1cbac27 -> 
  custom:video-encoder-webm-vp8: eb34c28f22e8b96e1ab97ce403110664 -> 
  custom:framework-osx-AVFoundation: e770b220cccbd017edd2c1fefb359320 -> 
  custom:video-decoder-webm-vp8: 9c59270c3fd7afecdb556c50c9e8de78 -> 
  custom:audio-decoder-ogg-vorbis: bf7c407c2cedff20999df2af8eb42d56 -> 
  custom:audio-encoder-webm-vorbis: bf7c407c2cedff20999df2af8eb42d56 -> 
========================================================================
Received Import Request.
  Time since last request: 658.364535 seconds.
  path: Assets/UI
  artifactKey: Guid(eb295332eead94f6e86d390546234ab8) Importer(815301076,1909f56bfc062723c751e8b465ee728b)
Start importing Assets/UI using Guid(eb295332eead94f6e86d390546234ab8) Importer(815301076,1909f56bfc062723c751e8b465ee728b)  -> (artifact id: 'c13476ad2290ca4651d0d925ebf621ad') in 0.006833 seconds 
  Import took 0.009944 seconds .

========================================================================
Received Import Request.
  Time since last request: 4.177337 seconds.
  path: Assets/UI/Frame (2).png
  artifactKey: Guid(3650648cfdb444cc5adab3e753bb7fdd) Importer(815301076,1909f56bfc062723c751e8b465ee728b)
Start importing Assets/UI/Frame (2).png using Guid(3650648cfdb444cc5adab3e753bb7fdd) Importer(815301076,1909f56bfc062723c751e8b465ee728b)  -> (artifact id: '2a39d64df87ff519fae614a8d73fdaca') in 1.127325 seconds 
  Import took 1.131204 seconds .

========================================================================
Received Import Request.
  Time since last request: 4.416017 seconds.
  path: Assets/UI/UI.png
  artifactKey: Guid(3650648cfdb444cc5adab3e753bb7fdd) Importer(815301076,1909f56bfc062723c751e8b465ee728b)
Start importing Assets/UI/UI.png using Guid(3650648cfdb444cc5adab3e753bb7fdd) Importer(815301076,1909f56bfc062723c751e8b465ee728b)  -> (artifact id: 'b47d5be722bc35f95ae1e6d69ab1e89f') in 0.012240 seconds 
  Import took 0.015609 seconds .

========================================================================
Received Import Request.
  Time since last request: 0.002177 seconds.
  path: Assets/UI/UI.png
  artifactKey: Guid(3650648cfdb444cc5adab3e753bb7fdd) Importer(815301076,1909f56bfc062723c751e8b465ee728b)
Start importing Assets/UI/UI.png using Guid(3650648cfdb444cc5adab3e753bb7fdd) Importer(815301076,1909f56bfc062723c751e8b465ee728b)  -> (artifact id: 'b47d5be722bc35f95ae1e6d69ab1e89f') in 0.010415 seconds 
  Import took 0.012854 seconds .

========================================================================
Received Import Request.
  Time since last request: 5.199355 seconds.
  path: Assets/UI/Arrow.png
  artifactKey: Guid(3650648cfdb444cc5adab3e753bb7fdd) Importer(815301076,1909f56bfc062723c751e8b465ee728b)
Start importing Assets/UI/Arrow.png using Guid(3650648cfdb444cc5adab3e753bb7fdd) Importer(815301076,1909f56bfc062723c751e8b465ee728b)  -> (artifact id: '8f53b187570f6cadec41d4d5071706d9') in 0.012040 seconds 
  Import took 0.015333 seconds .

========================================================================
Received Import Request.
  Time since last request: 0.001431 seconds.
  path: Assets/UI/Arrow.png
  artifactKey: Guid(3650648cfdb444cc5adab3e753bb7fdd) Importer(815301076,1909f56bfc062723c751e8b465ee728b)
Start importing Assets/UI/Arrow.png using Guid(3650648cfdb444cc5adab3e753bb7fdd) Importer(815301076,1909f56bfc062723c751e8b465ee728b)  -> (artifact id: '8f53b187570f6cadec41d4d5071706d9') in 0.010616 seconds 
  Import took 0.012978 seconds .

========================================================================
Received Import Request.
  Time since last request: 6.677447 seconds.
  path: Assets/UI/Arrow.png
  artifactKey: Guid(3650648cfdb444cc5adab3e753bb7fdd) Importer(815301076,1909f56bfc062723c751e8b465ee728b)
Start importing Assets/UI/Arrow.png using Guid(3650648cfdb444cc5adab3e753bb7fdd) Importer(815301076,1909f56bfc062723c751e8b465ee728b)  -> (artifact id: '2073c1c0fc8e82555e5e2c427ebb0f81') in 0.066994 seconds 
  Import took 0.070200 seconds .

========================================================================
Received Import Request.
  Time since last request: 643.451747 seconds.
  path: Assets/Scripts/MovingDir.cs
  artifactKey: Guid(0024b58d3153845f992565343f62f63c) Importer(815301076,1909f56bfc062723c751e8b465ee728b)
Start importing Assets/Scripts/MovingDir.cs using Guid(0024b58d3153845f992565343f62f63c) Importer(815301076,1909f56bfc062723c751e8b465ee728b)  -> (artifact id: '86f30707a71cb3f3a83136ddbf3b14b4') in 0.007504 seconds 
  Import took 0.010449 seconds .

========================================================================
Received Prepare
Registering precompiled user dll's ...
Registered in 0.006971 seconds.
Begin MonoManager ReloadAssembly
Native extension for OSXStandalone target not found
Refreshing native plugins compatible for Editor in 0.35 ms, found 2 plugins.
Preloading 0 native plugins for Editor in 0.00 ms.
Mono: successfully reloaded assembly
- Completed reload, in  1.095 seconds
Platform modules already initialized, skipping
Refreshing native plugins compatible for Editor in 0.34 ms, found 2 plugins.
Preloading 0 native plugins for Editor in 0.00 ms.
Unloading 1418 Unused Serialized files (Serialized files now loaded: 0)
System memory in use before: 162.2 MB.
System memory in use after: 161.6 MB.

Unloading 31 unused Assets to reduce memory usage. Loaded Objects now: 1882.
Total: 2.126864 ms (FindLiveObjects: 0.148174 ms CreateObjectMapping: 0.041777 ms MarkObjects: 1.612407 ms  DeleteObjects: 0.323580 ms)

AssetImportParameters requested are different than current active one (requested -> active):
  custom:video-decoder-ogg-theora: a1e56fd34408186e4bbccfd4996cb3dc -> 
  custom:container-muxer-webm: aa71ff27fc2769a1b78a27578f13a17b -> 
  custom:container-demuxer-webm: 4f35f7cbe854078d1ac9338744f61a02 -> 
  custom:container-demuxer-ogg: 62fdf1f143b41e24485cea50d1cbac27 -> 
  custom:video-encoder-webm-vp8: eb34c28f22e8b96e1ab97ce403110664 -> 
  custom:framework-osx-AVFoundation: e770b220cccbd017edd2c1fefb359320 -> 
  custom:video-decoder-webm-vp8: 9c59270c3fd7afecdb556c50c9e8de78 -> 
  custom:audio-decoder-ogg-vorbis: bf7c407c2cedff20999df2af8eb42d56 -> 
  custom:audio-encoder-webm-vorbis: bf7c407c2cedff20999df2af8eb42d56 -> 
========================================================================
Received Import Request.
  Time since last request: 27.437531 seconds.
  path: Assets/Animations/MovingDir
  artifactKey: Guid(013ae0d9e87a749509a1bed55c331020) Importer(815301076,1909f56bfc062723c751e8b465ee728b)
Start importing Assets/Animations/MovingDir using Guid(013ae0d9e87a749509a1bed55c331020) Importer(815301076,1909f56bfc062723c751e8b465ee728b)  -> (artifact id: 'bf77e5dc14c855a7a97fe44de7d8efcf') in 0.005368 seconds 
  Import took 0.008414 seconds .

========================================================================
Received Import Request.
  Time since last request: 9.440674 seconds.
  path: Assets/Animations/MovingDir/MovingDir.controller
  artifactKey: Guid(11ffd15067d66400181089ae5ec2f750) Importer(815301076,1909f56bfc062723c751e8b465ee728b)
Start importing Assets/Animations/MovingDir/MovingDir.controller using Guid(11ffd15067d66400181089ae5ec2f750) Importer(815301076,1909f56bfc062723c751e8b465ee728b)  -> (artifact id: '2cff8dfc7290a1af4498dd452bd7214c') in 0.018913 seconds 
  Import took 0.022809 seconds .

========================================================================
Received Import Request.
  Time since last request: 34.401660 seconds.
  path: Assets/Model/mixamo.com.anim
  artifactKey: Guid(405149045493b4cb6ba29bc743ebe1ec) Importer(815301076,1909f56bfc062723c751e8b465ee728b)
Start importing Assets/Model/mixamo.com.anim using Guid(405149045493b4cb6ba29bc743ebe1ec) Importer(815301076,1909f56bfc062723c751e8b465ee728b)  -> (artifact id: '69fc33b0b9e8dc4d47110dd0d0e1c0af') in 0.396088 seconds 
  Import took 0.399405 seconds .

========================================================================
Received Import Request.
  Time since last request: 5.002926 seconds.
  path: Assets/Model/Walk.anim
  artifactKey: Guid(405149045493b4cb6ba29bc743ebe1ec) Importer(815301076,1909f56bfc062723c751e8b465ee728b)
Start importing Assets/Model/Walk.anim using Guid(405149045493b4cb6ba29bc743ebe1ec) Importer(815301076,1909f56bfc062723c751e8b465ee728b)  -> (artifact id: '74f6bd8b2143f45809e8419067f4c0a7') in 0.009634 seconds 
  Import took 0.013418 seconds .

========================================================================
Received Import Request.
  Time since last request: 8.498103 seconds.
  path: Assets/Model/mixamo.com.anim
  artifactKey: Guid(d26f52603c741406ab977e76dcd0031b) Importer(815301076,1909f56bfc062723c751e8b465ee728b)
Start importing Assets/Model/mixamo.com.anim using Guid(d26f52603c741406ab977e76dcd0031b) Importer(815301076,1909f56bfc062723c751e8b465ee728b)  -> (artifact id: 'c29f691f93bb6718af955d9fc6aa35b7') in 0.008404 seconds 
  Import took 0.011285 seconds .

========================================================================
Received Import Request.
  Time since last request: 4.939345 seconds.
  path: Assets/Model/Idle.anim
  artifactKey: Guid(d26f52603c741406ab977e76dcd0031b) Importer(815301076,1909f56bfc062723c751e8b465ee728b)
Start importing Assets/Model/Idle.anim using Guid(d26f52603c741406ab977e76dcd0031b) Importer(815301076,1909f56bfc062723c751e8b465ee728b)  -> (artifact id: 'bf221fb9deaec1453acfeb5529612bf8') in 0.007317 seconds 
  Import took 0.010498 seconds .

========================================================================
Received Import Request.
  Time since last request: 69.871481 seconds.
  path: Assets/Animations/MovingDir/MovingDir.controller
  artifactKey: Guid(11ffd15067d66400181089ae5ec2f750) Importer(815301076,1909f56bfc062723c751e8b465ee728b)
Start importing Assets/Animations/MovingDir/MovingDir.controller using Guid(11ffd15067d66400181089ae5ec2f750) Importer(815301076,1909f56bfc062723c751e8b465ee728b)  -> (artifact id: 'ade1e566d15c771a2269eb9165d8927a') in 0.012783 seconds 
  Import took 0.017011 seconds .

========================================================================
Received Import Request.
  Time since last request: 90.986958 seconds.
  path: Assets/Model/Jumping.fbx
  artifactKey: Guid(ca2db1eaf65034f63b201bbe2fbd604d) Importer(815301076,1909f56bfc062723c751e8b465ee728b)
Start importing Assets/Model/Jumping.fbx using Guid(ca2db1eaf65034f63b201bbe2fbd604d) Importer(815301076,1909f56bfc062723c751e8b465ee728b)  -> (artifact id: 'd1299f551a28823eaad8140967155407') in 0.420847 seconds 
  Import took 0.425285 seconds .

========================================================================
Received Import Request.
  Time since last request: 3.872669 seconds.
  path: Assets/Model/mixamo.com.anim
  artifactKey: Guid(97a740f5cb12c4cff94c51334550ecd7) Importer(815301076,1909f56bfc062723c751e8b465ee728b)
Start importing Assets/Model/mixamo.com.anim using Guid(97a740f5cb12c4cff94c51334550ecd7) Importer(815301076,1909f56bfc062723c751e8b465ee728b)  -> (artifact id: '2522a910079ccb90b8d6a19e5c8e78d9') in 0.020428 seconds 
  Import took 0.024447 seconds .

========================================================================
Received Import Request.
  Time since last request: 5.291990 seconds.
  path: Assets/Model/Jump.anim
  artifactKey: Guid(97a740f5cb12c4cff94c51334550ecd7) Importer(815301076,1909f56bfc062723c751e8b465ee728b)
Start importing Assets/Model/Jump.anim using Guid(97a740f5cb12c4cff94c51334550ecd7) Importer(815301076,1909f56bfc062723c751e8b465ee728b)  -> (artifact id: '341a7b425e9f36f99acd11f5619ddf65') in 0.019822 seconds 
  Import took 0.023347 seconds .

========================================================================
Received Prepare
Registering precompiled user dll's ...
Registered in 0.007175 seconds.
Begin MonoManager ReloadAssembly
Native extension for OSXStandalone target not found
Refreshing native plugins compatible for Editor in 0.29 ms, found 2 plugins.
Preloading 0 native plugins for Editor in 0.00 ms.
Mono: successfully reloaded assembly
- Completed reload, in  1.023 seconds
Platform modules already initialized, skipping
Refreshing native plugins compatible for Editor in 0.33 ms, found 2 plugins.
Preloading 0 native plugins for Editor in 0.00 ms.
Unloading 1418 Unused Serialized files (Serialized files now loaded: 0)
System memory in use before: 185.1 MB.
System memory in use after: 184.5 MB.

Unloading 31 unused Assets to reduce memory usage. Loaded Objects now: 1927.
Total: 2.137927 ms (FindLiveObjects: 0.217505 ms CreateObjectMapping: 0.079000 ms MarkObjects: 1.507582 ms  DeleteObjects: 0.332841 ms)

AssetImportParameters requested are different than current active one (requested -> active):
  custom:video-decoder-ogg-theora: a1e56fd34408186e4bbccfd4996cb3dc -> 
  custom:container-muxer-webm: aa71ff27fc2769a1b78a27578f13a17b -> 
  custom:container-demuxer-webm: 4f35f7cbe854078d1ac9338744f61a02 -> 
  custom:container-demuxer-ogg: 62fdf1f143b41e24485cea50d1cbac27 -> 
  custom:video-encoder-webm-vp8: eb34c28f22e8b96e1ab97ce403110664 -> 
  custom:framework-osx-AVFoundation: e770b220cccbd017edd2c1fefb359320 -> 
  custom:video-decoder-webm-vp8: 9c59270c3fd7afecdb556c50c9e8de78 -> 
  custom:audio-decoder-ogg-vorbis: bf7c407c2cedff20999df2af8eb42d56 -> 
  custom:audio-encoder-webm-vorbis: bf7c407c2cedff20999df2af8eb42d56 -> 
========================================================================
Received Import Request.
  Time since last request: 643.169205 seconds.
  path: Assets/Scripts/MovingDir.cs
  artifactKey: Guid(0024b58d3153845f992565343f62f63c) Importer(815301076,1909f56bfc062723c751e8b465ee728b)
Start importing Assets/Scripts/MovingDir.cs using Guid(0024b58d3153845f992565343f62f63c) Importer(815301076,1909f56bfc062723c751e8b465ee728b)  -> (artifact id: '05411133a1a7f888c687235640a969dd') in 0.006266 seconds 
  Import took 0.008496 seconds .

========================================================================
Received Prepare
Registering precompiled user dll's ...
Registered in 0.006307 seconds.
Begin MonoManager ReloadAssembly
Native extension for OSXStandalone target not found
Refreshing native plugins compatible for Editor in 0.33 ms, found 2 plugins.
Preloading 0 native plugins for Editor in 0.00 ms.
Mono: successfully reloaded assembly
- Completed reload, in  1.072 seconds
Platform modules already initialized, skipping
Refreshing native plugins compatible for Editor in 0.29 ms, found 2 plugins.
Preloading 0 native plugins for Editor in 0.00 ms.
Unloading 1418 Unused Serialized files (Serialized files now loaded: 0)
System memory in use before: 185.3 MB.
System memory in use after: 184.7 MB.

Unloading 31 unused Assets to reduce memory usage. Loaded Objects now: 1930.
Total: 1.939494 ms (FindLiveObjects: 0.161473 ms CreateObjectMapping: 0.040617 ms MarkObjects: 1.408057 ms  DeleteObjects: 0.328556 ms)

AssetImportParameters requested are different than current active one (requested -> active):
  custom:video-decoder-ogg-theora: a1e56fd34408186e4bbccfd4996cb3dc -> 
  custom:container-muxer-webm: aa71ff27fc2769a1b78a27578f13a17b -> 
  custom:container-demuxer-webm: 4f35f7cbe854078d1ac9338744f61a02 -> 
  custom:container-demuxer-ogg: 62fdf1f143b41e24485cea50d1cbac27 -> 
  custom:video-encoder-webm-vp8: eb34c28f22e8b96e1ab97ce403110664 -> 
  custom:framework-osx-AVFoundation: e770b220cccbd017edd2c1fefb359320 -> 
  custom:video-decoder-webm-vp8: 9c59270c3fd7afecdb556c50c9e8de78 -> 
  custom:audio-decoder-ogg-vorbis: bf7c407c2cedff20999df2af8eb42d56 -> 
  custom:audio-encoder-webm-vorbis: bf7c407c2cedff20999df2af8eb42d56 -> 
========================================================================
Received Import Request.
  Time since last request: 362.777506 seconds.
  path: Assets/Scripts/MovingDir.cs
  artifactKey: Guid(0024b58d3153845f992565343f62f63c) Importer(815301076,1909f56bfc062723c751e8b465ee728b)
Start importing Assets/Scripts/MovingDir.cs using Guid(0024b58d3153845f992565343f62f63c) Importer(815301076,1909f56bfc062723c751e8b465ee728b)  -> (artifact id: '1a44f6b8455e5db7b04e47c88782a915') in 0.007259 seconds 
  Import took 0.011399 seconds .

========================================================================
Received Import Request.
  Time since last request: 29.501583 seconds.
  path: Assets/Scripts/MovingDir.cs
  artifactKey: Guid(0024b58d3153845f992565343f62f63c) Importer(815301076,1909f56bfc062723c751e8b465ee728b)
Start importing Assets/Scripts/MovingDir.cs using Guid(0024b58d3153845f992565343f62f63c) Importer(815301076,1909f56bfc062723c751e8b465ee728b)  -> (artifact id: '51217b99faf72511eb17d4f8133b2f0f') in 0.007415 seconds 
  Import took 0.011612 seconds .

========================================================================
Received Prepare
Registering precompiled user dll's ...
Registered in 0.007771 seconds.
Begin MonoManager ReloadAssembly
Native extension for OSXStandalone target not found
Refreshing native plugins compatible for Editor in 0.29 ms, found 2 plugins.
Preloading 0 native plugins for Editor in 0.00 ms.
Mono: successfully reloaded assembly
- Completed reload, in  1.179 seconds
Platform modules already initialized, skipping
Refreshing native plugins compatible for Editor in 0.32 ms, found 2 plugins.
Preloading 0 native plugins for Editor in 0.00 ms.
Unloading 1418 Unused Serialized files (Serialized files now loaded: 0)
System memory in use before: 185.4 MB.
System memory in use after: 184.9 MB.

Unloading 31 unused Assets to reduce memory usage. Loaded Objects now: 1933.
Total: 2.095247 ms (FindLiveObjects: 0.154122 ms CreateObjectMapping: 0.044361 ms MarkObjects: 1.544062 ms  DeleteObjects: 0.351835 ms)

AssetImportParameters requested are different than current active one (requested -> active):
  custom:video-decoder-ogg-theora: a1e56fd34408186e4bbccfd4996cb3dc -> 
  custom:container-muxer-webm: aa71ff27fc2769a1b78a27578f13a17b -> 
  custom:container-demuxer-webm: 4f35f7cbe854078d1ac9338744f61a02 -> 
  custom:container-demuxer-ogg: 62fdf1f143b41e24485cea50d1cbac27 -> 
  custom:video-encoder-webm-vp8: eb34c28f22e8b96e1ab97ce403110664 -> 
  custom:framework-osx-AVFoundation: e770b220cccbd017edd2c1fefb359320 -> 
  custom:video-decoder-webm-vp8: 9c59270c3fd7afecdb556c50c9e8de78 -> 
  custom:audio-decoder-ogg-vorbis: bf7c407c2cedff20999df2af8eb42d56 -> 
  custom:audio-encoder-webm-vorbis: bf7c407c2cedff20999df2af8eb42d56 -> 
========================================================================
Received Prepare
Registering precompiled user dll's ...
Registered in 0.007805 seconds.
Begin MonoManager ReloadAssembly
Native extension for OSXStandalone target not found
Refreshing native plugins compatible for Editor in 0.39 ms, found 2 plugins.
Preloading 0 native plugins for Editor in 0.00 ms.
Mono: successfully reloaded assembly
- Completed reload, in  1.223 seconds
Platform modules already initialized, skipping
Refreshing native plugins compatible for Editor in 0.31 ms, found 2 plugins.
Preloading 0 native plugins for Editor in 0.00 ms.
Unloading 1418 Unused Serialized files (Serialized files now loaded: 0)
System memory in use before: 185.7 MB.
System memory in use after: 185.1 MB.

Unloading 31 unused Assets to reduce memory usage. Loaded Objects now: 1936.
Total: 2.395049 ms (FindLiveObjects: 0.148667 ms CreateObjectMapping: 0.041150 ms MarkObjects: 1.774576 ms  DeleteObjects: 0.429749 ms)

AssetImportParameters requested are different than current active one (requested -> active):
  custom:video-decoder-ogg-theora: a1e56fd34408186e4bbccfd4996cb3dc -> 
  custom:container-muxer-webm: aa71ff27fc2769a1b78a27578f13a17b -> 
  custom:container-demuxer-webm: 4f35f7cbe854078d1ac9338744f61a02 -> 
  custom:container-demuxer-ogg: 62fdf1f143b41e24485cea50d1cbac27 -> 
  custom:video-encoder-webm-vp8: eb34c28f22e8b96e1ab97ce403110664 -> 
  custom:framework-osx-AVFoundation: e770b220cccbd017edd2c1fefb359320 -> 
  custom:video-decoder-webm-vp8: 9c59270c3fd7afecdb556c50c9e8de78 -> 
  custom:audio-decoder-ogg-vorbis: bf7c407c2cedff20999df2af8eb42d56 -> 
  custom:audio-encoder-webm-vorbis: bf7c407c2cedff20999df2af8eb42d56 -> 
========================================================================
Received Prepare
Registering precompiled user dll's ...
Registered in 0.012406 seconds.
Begin MonoManager ReloadAssembly
Native extension for OSXStandalone target not found
Refreshing native plugins compatible for Editor in 0.34 ms, found 2 plugins.
Preloading 0 native plugins for Editor in 0.00 ms.
Mono: successfully reloaded assembly
- Completed reload, in  1.279 seconds
Platform modules already initialized, skipping
Refreshing native plugins compatible for Editor in 0.34 ms, found 2 plugins.
Preloading 0 native plugins for Editor in 0.00 ms.
Unloading 1418 Unused Serialized files (Serialized files now loaded: 0)
System memory in use before: 185.8 MB.
System memory in use after: 185.3 MB.

Unloading 31 unused Assets to reduce memory usage. Loaded Objects now: 1939.
Total: 2.291935 ms (FindLiveObjects: 0.175980 ms CreateObjectMapping: 0.050345 ms MarkObjects: 1.681539 ms  DeleteObjects: 0.383088 ms)

AssetImportParameters requested are different than current active one (requested -> active):
  custom:video-decoder-ogg-theora: a1e56fd34408186e4bbccfd4996cb3dc -> 
  custom:container-muxer-webm: aa71ff27fc2769a1b78a27578f13a17b -> 
  custom:container-demuxer-webm: 4f35f7cbe854078d1ac9338744f61a02 -> 
  custom:container-demuxer-ogg: 62fdf1f143b41e24485cea50d1cbac27 -> 
  custom:video-encoder-webm-vp8: eb34c28f22e8b96e1ab97ce403110664 -> 
  custom:framework-osx-AVFoundation: e770b220cccbd017edd2c1fefb359320 -> 
  custom:video-decoder-webm-vp8: 9c59270c3fd7afecdb556c50c9e8de78 -> 
  custom:audio-decoder-ogg-vorbis: bf7c407c2cedff20999df2af8eb42d56 -> 
  custom:audio-encoder-webm-vorbis: bf7c407c2cedff20999df2af8eb42d56 -> 
========================================================================
Received Import Request.
  Time since last request: 190.959699 seconds.
  path: Assets/Animations/MovingDir/Idle.anim
  artifactKey: Guid(d26f52603c741406ab977e76dcd0031b) Importer(815301076,1909f56bfc062723c751e8b465ee728b)
Start importing Assets/Animations/MovingDir/Idle.anim using Guid(d26f52603c741406ab977e76dcd0031b) Importer(815301076,1909f56bfc062723c751e8b465ee728b)  -> (artifact id: 'c9448e73be18f1d218d2c310965ee788') in 0.021489 seconds 
  Import took 0.024680 seconds .

========================================================================
Received Prepare
Registering precompiled user dll's ...
Registered in 0.008927 seconds.
Begin MonoManager ReloadAssembly
Native extension for OSXStandalone target not found
Refreshing native plugins compatible for Editor in 0.36 ms, found 2 plugins.
Preloading 0 native plugins for Editor in 0.00 ms.
Mono: successfully reloaded assembly
- Completed reload, in  1.237 seconds
Platform modules already initialized, skipping
Refreshing native plugins compatible for Editor in 0.32 ms, found 2 plugins.
Preloading 0 native plugins for Editor in 0.00 ms.
Unloading 1418 Unused Serialized files (Serialized files now loaded: 0)
System memory in use before: 186.1 MB.
System memory in use after: 185.5 MB.

Unloading 31 unused Assets to reduce memory usage. Loaded Objects now: 1942.
Total: 2.166604 ms (FindLiveObjects: 0.170871 ms CreateObjectMapping: 0.046765 ms MarkObjects: 1.577607 ms  DeleteObjects: 0.370397 ms)

AssetImportParameters requested are different than current active one (requested -> active):
  custom:video-decoder-ogg-theora: a1e56fd34408186e4bbccfd4996cb3dc -> 
  custom:container-muxer-webm: aa71ff27fc2769a1b78a27578f13a17b -> 
  custom:container-demuxer-webm: 4f35f7cbe854078d1ac9338744f61a02 -> 
  custom:container-demuxer-ogg: 62fdf1f143b41e24485cea50d1cbac27 -> 
  custom:video-encoder-webm-vp8: eb34c28f22e8b96e1ab97ce403110664 -> 
  custom:framework-osx-AVFoundation: e770b220cccbd017edd2c1fefb359320 -> 
  custom:video-decoder-webm-vp8: 9c59270c3fd7afecdb556c50c9e8de78 -> 
  custom:audio-decoder-ogg-vorbis: bf7c407c2cedff20999df2af8eb42d56 -> 
  custom:audio-encoder-webm-vorbis: bf7c407c2cedff20999df2af8eb42d56 -> 
========================================================================
Received Prepare
Registering precompiled user dll's ...
Registered in 0.010999 seconds.
Begin MonoManager ReloadAssembly
Native extension for OSXStandalone target not found
Refreshing native plugins compatible for Editor in 0.32 ms, found 2 plugins.
Preloading 0 native plugins for Editor in 0.00 ms.
Mono: successfully reloaded assembly
- Completed reload, in  1.388 seconds
Platform modules already initialized, skipping
Refreshing native plugins compatible for Editor in 0.39 ms, found 2 plugins.
Preloading 0 native plugins for Editor in 0.00 ms.
Unloading 1418 Unused Serialized files (Serialized files now loaded: 0)
System memory in use before: 186.2 MB.
System memory in use after: 185.7 MB.

Unloading 31 unused Assets to reduce memory usage. Loaded Objects now: 1945.
Total: 2.386313 ms (FindLiveObjects: 0.176545 ms CreateObjectMapping: 0.050930 ms MarkObjects: 1.765016 ms  DeleteObjects: 0.392879 ms)

AssetImportParameters requested are different than current active one (requested -> active):
  custom:video-decoder-ogg-theora: a1e56fd34408186e4bbccfd4996cb3dc -> 
  custom:container-muxer-webm: aa71ff27fc2769a1b78a27578f13a17b -> 
  custom:container-demuxer-webm: 4f35f7cbe854078d1ac9338744f61a02 -> 
  custom:container-demuxer-ogg: 62fdf1f143b41e24485cea50d1cbac27 -> 
  custom:video-encoder-webm-vp8: eb34c28f22e8b96e1ab97ce403110664 -> 
  custom:framework-osx-AVFoundation: e770b220cccbd017edd2c1fefb359320 -> 
  custom:video-decoder-webm-vp8: 9c59270c3fd7afecdb556c50c9e8de78 -> 
  custom:audio-decoder-ogg-vorbis: bf7c407c2cedff20999df2af8eb42d56 -> 
  custom:audio-encoder-webm-vorbis: bf7c407c2cedff20999df2af8eb42d56 -> 
========================================================================
Received Prepare
Registering precompiled user dll's ...
Registered in 0.004868 seconds.
Begin MonoManager ReloadAssembly
Native extension for OSXStandalone target not found
Refreshing native plugins compatible for Editor in 0.28 ms, found 2 plugins.
Preloading 0 native plugins for Editor in 0.00 ms.
Mono: successfully reloaded assembly
- Completed reload, in  1.306 seconds
Platform modules already initialized, skipping
Refreshing native plugins compatible for Editor in 0.33 ms, found 2 plugins.
Preloading 0 native plugins for Editor in 0.00 ms.
Unloading 1418 Unused Serialized files (Serialized files now loaded: 0)
System memory in use before: 186.4 MB.
System memory in use after: 185.9 MB.

Unloading 31 unused Assets to reduce memory usage. Loaded Objects now: 1948.
Total: 2.665678 ms (FindLiveObjects: 0.184873 ms CreateObjectMapping: 0.052991 ms MarkObjects: 2.025681 ms  DeleteObjects: 0.401017 ms)

AssetImportParameters requested are different than current active one (requested -> active):
  custom:video-decoder-ogg-theora: a1e56fd34408186e4bbccfd4996cb3dc -> 
  custom:container-muxer-webm: aa71ff27fc2769a1b78a27578f13a17b -> 
  custom:container-demuxer-webm: 4f35f7cbe854078d1ac9338744f61a02 -> 
  custom:container-demuxer-ogg: 62fdf1f143b41e24485cea50d1cbac27 -> 
  custom:video-encoder-webm-vp8: eb34c28f22e8b96e1ab97ce403110664 -> 
  custom:framework-osx-AVFoundation: e770b220cccbd017edd2c1fefb359320 -> 
  custom:video-decoder-webm-vp8: 9c59270c3fd7afecdb556c50c9e8de78 -> 
  custom:audio-decoder-ogg-vorbis: bf7c407c2cedff20999df2af8eb42d56 -> 
  custom:audio-encoder-webm-vorbis: bf7c407c2cedff20999df2af8eb42d56 -> 
========================================================================
Received Prepare
Registering precompiled user dll's ...
Registered in 0.006412 seconds.
Begin MonoManager ReloadAssembly
Native extension for OSXStandalone target not found
Refreshing native plugins compatible for Editor in 0.33 ms, found 2 plugins.
Preloading 0 native plugins for Editor in 0.00 ms.
Mono: successfully reloaded assembly
- Completed reload, in  1.218 seconds
Platform modules already initialized, skipping
Refreshing native plugins compatible for Editor in 0.31 ms, found 2 plugins.
Preloading 0 native plugins for Editor in 0.00 ms.
Unloading 1418 Unused Serialized files (Serialized files now loaded: 0)
System memory in use before: 186.6 MB.
System memory in use after: 186.1 MB.

Unloading 31 unused Assets to reduce memory usage. Loaded Objects now: 1951.
Total: 2.178335 ms (FindLiveObjects: 0.169568 ms CreateObjectMapping: 0.050660 ms MarkObjects: 1.598268 ms  DeleteObjects: 0.358843 ms)

AssetImportParameters requested are different than current active one (requested -> active):
  custom:video-decoder-ogg-theora: a1e56fd34408186e4bbccfd4996cb3dc -> 
  custom:container-muxer-webm: aa71ff27fc2769a1b78a27578f13a17b -> 
  custom:container-demuxer-webm: 4f35f7cbe854078d1ac9338744f61a02 -> 
  custom:container-demuxer-ogg: 62fdf1f143b41e24485cea50d1cbac27 -> 
  custom:video-encoder-webm-vp8: eb34c28f22e8b96e1ab97ce403110664 -> 
  custom:framework-osx-AVFoundation: e770b220cccbd017edd2c1fefb359320 -> 
  custom:video-decoder-webm-vp8: 9c59270c3fd7afecdb556c50c9e8de78 -> 
  custom:audio-decoder-ogg-vorbis: bf7c407c2cedff20999df2af8eb42d56 -> 
  custom:audio-encoder-webm-vorbis: bf7c407c2cedff20999df2af8eb42d56 -> 
========================================================================
Received Prepare
Registering precompiled user dll's ...
Registered in 0.008196 seconds.
Begin MonoManager ReloadAssembly
Native extension for OSXStandalone target not found
Refreshing native plugins compatible for Editor in 0.31 ms, found 2 plugins.
Preloading 0 native plugins for Editor in 0.00 ms.
Mono: successfully reloaded assembly
- Completed reload, in  1.157 seconds
Platform modules already initialized, skipping
Refreshing native plugins compatible for Editor in 0.33 ms, found 2 plugins.
Preloading 0 native plugins for Editor in 0.00 ms.
Unloading 1418 Unused Serialized files (Serialized files now loaded: 0)
System memory in use before: 186.9 MB.
System memory in use after: 186.3 MB.

Unloading 31 unused Assets to reduce memory usage. Loaded Objects now: 1954.
Total: 2.204961 ms (FindLiveObjects: 0.149099 ms CreateObjectMapping: 0.041484 ms MarkObjects: 1.634760 ms  DeleteObjects: 0.378756 ms)

AssetImportParameters requested are different than current active one (requested -> active):
  custom:video-decoder-ogg-theora: a1e56fd34408186e4bbccfd4996cb3dc -> 
  custom:container-muxer-webm: aa71ff27fc2769a1b78a27578f13a17b -> 
  custom:container-demuxer-webm: 4f35f7cbe854078d1ac9338744f61a02 -> 
  custom:container-demuxer-ogg: 62fdf1f143b41e24485cea50d1cbac27 -> 
  custom:video-encoder-webm-vp8: eb34c28f22e8b96e1ab97ce403110664 -> 
  custom:framework-osx-AVFoundation: e770b220cccbd017edd2c1fefb359320 -> 
  custom:video-decoder-webm-vp8: 9c59270c3fd7afecdb556c50c9e8de78 -> 
  custom:audio-decoder-ogg-vorbis: bf7c407c2cedff20999df2af8eb42d56 -> 
  custom:audio-encoder-webm-vorbis: bf7c407c2cedff20999df2af8eb42d56 -> 
========================================================================
Received Import Request.
  Time since last request: 329.365817 seconds.
  path: Assets/Scripts/MovingDir.cs
  artifactKey: Guid(0024b58d3153845f992565343f62f63c) Importer(815301076,1909f56bfc062723c751e8b465ee728b)
Start importing Assets/Scripts/MovingDir.cs using Guid(0024b58d3153845f992565343f62f63c) Importer(815301076,1909f56bfc062723c751e8b465ee728b)  -> (artifact id: '4e75b275322fedd533d723da9e803bd6') in 0.007301 seconds 
  Import took 0.009977 seconds .

========================================================================
Received Prepare
Registering precompiled user dll's ...
Registered in 0.007723 seconds.
Begin MonoManager ReloadAssembly
Native extension for OSXStandalone target not found
Refreshing native plugins compatible for Editor in 0.28 ms, found 2 plugins.
Preloading 0 native plugins for Editor in 0.00 ms.
Mono: successfully reloaded assembly
- Completed reload, in  1.082 seconds
Platform modules already initialized, skipping
Refreshing native plugins compatible for Editor in 0.30 ms, found 2 plugins.
Preloading 0 native plugins for Editor in 0.00 ms.
Unloading 1418 Unused Serialized files (Serialized files now loaded: 0)
System memory in use before: 187.1 MB.
System memory in use after: 186.6 MB.

Unloading 31 unused Assets to reduce memory usage. Loaded Objects now: 1957.
Total: 2.045329 ms (FindLiveObjects: 0.145802 ms CreateObjectMapping: 0.042876 ms MarkObjects: 1.501364 ms  DeleteObjects: 0.354472 ms)

AssetImportParameters requested are different than current active one (requested -> active):
  custom:video-decoder-ogg-theora: a1e56fd34408186e4bbccfd4996cb3dc -> 
  custom:container-muxer-webm: aa71ff27fc2769a1b78a27578f13a17b -> 
  custom:container-demuxer-webm: 4f35f7cbe854078d1ac9338744f61a02 -> 
  custom:container-demuxer-ogg: 62fdf1f143b41e24485cea50d1cbac27 -> 
  custom:video-encoder-webm-vp8: eb34c28f22e8b96e1ab97ce403110664 -> 
  custom:framework-osx-AVFoundation: e770b220cccbd017edd2c1fefb359320 -> 
  custom:video-decoder-webm-vp8: 9c59270c3fd7afecdb556c50c9e8de78 -> 
  custom:audio-decoder-ogg-vorbis: bf7c407c2cedff20999df2af8eb42d56 -> 
  custom:audio-encoder-webm-vorbis: bf7c407c2cedff20999df2af8eb42d56 -> 
AssetImportWorkerClient::OnTransportError - code=2 error=End of file
